<?xml version="1.0" encoding="UTF-8"?>
<testng-results skipped="0" failed="0" total="1" passed="1">
  <reporter-output>
  </reporter-output>
  <suite name="Appium_Demo" duration-ms="24406" started-at="2015-10-05T10:10:20Z" finished-at="2015-10-05T10:10:45Z">
    <groups>
    </groups>
    <test name="FirstClass" duration-ms="24406" started-at="2015-10-05T10:10:20Z" finished-at="2015-10-05T10:10:45Z">
      <class name="flarekids.FirstClass">
        <test-method status="PASS" signature="setCapabilities()[pri:0, instance:flarekids.FirstClass@2cfb4a64]" name="setCapabilities" is-config="true" duration-ms="12971" started-at="2015-10-05T15:40:07Z" finished-at="2015-10-05T15:40:20Z">
          <reporter-output>
          </reporter-output>
        </test-method> <!-- setCapabilities -->
        <test-method status="PASS" signature="login()[pri:0, instance:flarekids.FirstClass@2cfb4a64]" name="login" duration-ms="24391" started-at="2015-10-05T15:40:20Z" finished-at="2015-10-05T15:40:45Z">
          <reporter-output>
          </reporter-output>
        </test-method> <!-- login -->
      </class> <!-- flarekids.FirstClass -->
    </test> <!-- FirstClass -->
  </suite> <!-- Appium_Demo -->
</testng-results>
